TheFoodChain/app/build/intermediates/manifest_merge_blame_file/debug/manifest-merger-blame-debug-report.txt
1<?xml version="1.0" encoding="utf-8"?>
2<manifest xmlns:android="http://schemas.android.com/apk/res/android"
3    package="com.example.thefoodchain"
4    android:versionCode="1"
5    android:versionName="1.0" >
6
7    <uses-sdk
8        android:minSdkVersion="15"
8-->src\main\AndroidManifest.xml
9        android:targetSdkVersion="29" />
9-->src\main\AndroidManifest.xml
10
11    <uses-feature android:name="android.hardware.camera" />
11-->src\main\AndroidManifest.xml:4:5-60
11-->src\main\AndroidManifest.xml:4:19-57
12
13    <uses-permission android:name="android.permission.CAMERA" />
13-->src\main\AndroidManifest.xml:6:5-65
13-->src\main\AndroidManifest.xml:6:22-62
14    <uses-permission android:name="android.permission.INTERNET" />
14-->src\main\AndroidManifest.xml:7:5-67
14-->src\main\AndroidManifest.xml:7:22-64
15
16    <application
16-->src\main\AndroidManifest.xml:8:5-27:19
17        android:allowBackup="true"
17-->src\main\AndroidManifest.xml:9:9-35
18        android:appComponentFactory="androidx.core.app.CoreComponentFactory"
18-->[androidx.core:core:1.1.0] AndroidManifest.xml:24:18-86
19        android:debuggable="true"
20        android:icon="@mipmap/ic_launcher"
20-->src\main\AndroidManifest.xml:10:9-43
21        android:label="@string/app_name"
21-->src\main\AndroidManifest.xml:11:9-41
22        android:roundIcon="@mipmap/ic_launcher_round"
22-->src\main\AndroidManifest.xml:12:9-54
23        android:supportsRtl="true"
23-->src\main\AndroidManifest.xml:13:9-35
24        android:theme="@style/AppTheme" >
24-->src\main\AndroidManifest.xml:14:9-40
25        <activity android:name="com.example.thefoodchain.MainActivity" >
25-->src\main\AndroidManifest.xml:15:9-21:20
25-->src\main\AndroidManifest.xml:15:19-47
26            <intent-filter>
26-->src\main\AndroidManifest.xml:16:13-20:29
27                <action android:name="android.intent.action.MAIN" />
27-->src\main\AndroidManifest.xml:17:17-69
27-->src\main\AndroidManifest.xml:17:25-66
28
29                <category android:name="android.intent.category.LAUNCHER" />
29-->src\main\AndroidManifest.xml:19:17-77
29-->src\main\AndroidManifest.xml:19:27-74
30            </intent-filter>
31        </activity>
32        <activity
32-->src\main\AndroidManifest.xml:22:9-23:43
33            android:name="com.example.thefoodchain.BarcodeCaptureActivity"
33-->src\main\AndroidManifest.xml:22:19-57
34            android:label="Read Barcode" />
34-->src\main\AndroidManifest.xml:23:13-41
35
36        <meta-data
36-->src\main\AndroidManifest.xml:24:9-26:57
37            android:name="preloaded_fonts"
37-->src\main\AndroidManifest.xml:25:13-43
38            android:resource="@array/preloaded_fonts" />
38-->src\main\AndroidManifest.xml:26:13-54
39
40        <activity
40-->[com.google.android.gms:play-services-base:9.4.0] AndroidManifest.xml:20:9-22:45
41            android:name="com.google.android.gms.common.api.GoogleApiActivity"
41-->[com.google.android.gms:play-services-base:9.4.0] AndroidManifest.xml:20:19-85
42            android:exported="false"
42-->[com.google.android.gms:play-services-base:9.4.0] AndroidManifest.xml:22:19-43
43            android:theme="@android:style/Theme.Translucent.NoTitleBar" />
43-->[com.google.android.gms:play-services-base:9.4.0] AndroidManifest.xml:21:19-78
44
45        <meta-data
45-->[com.google.android.gms:play-services-basement:9.4.0] AndroidManifest.xml:21:9-23:69
46            android:name="com.google.android.gms.version"
46-->[com.google.android.gms:play-services-basement:9.4.0] AndroidManifest.xml:22:13-58
47            android:value="@integer/google_play_services_version" />
47-->[com.google.android.gms:play-services-basement:9.4.0] AndroidManifest.xml:23:13-66
48    </application>
49
50</manifest>